Time resolution is 1 ps
------------------------------------------------
TEST 1 : PASS
------------------------------------------------
TEST 2 : PASS
------------------------------------------------
TEST 3 : PASS
------------------------------------------------
TEST 4 : PASS
------------------------------------------------
TEST 5 : PASS
------------------------------------------------
TEST 6 : PASS
------------------------------------------------
TEST 7 : PASS
------------------------------------------------
TEST 8 : PASS
------------------------------------------------
TEST 9 : PASS
------------------------------------------------
TEST 10 : PASS
------------------------------------------------
TEST 11 : PASS
------------------------------------------------
TEST 12 : PASS
------------------------------------------------
TEST 13 : PASS
------------------------------------------------
TEST 14 : PASS
------------------------------------------------
TEST 15 : PASS
------------------------------------------------
TEST 16 : PASS
------------------------------------------------
TEST 17 : PASS
------------------------------------------------
TEST 18 : PASS
------------------------------------------------
TEST 19 : PASS
------------------------------------------------
TEST 20 : PASS

=======================================
Simulation Summary
=======================================
Total Tests : 20
Passed      : 20
Failed      : 0
=======================================
$finish called at time : 200 ns : File "C:/Users/dasar/Downloads/ALU_Project/alu/alu.srcs/sim_1/new/alu_tb.v" Line 112
